<?xml version="1.0" encoding="UTF-8"?>
<testng-results skipped="0" failed="0" ignored="0" total="0" passed="0">
  <reporter-output>
  </reporter-output>
  <suite name="Default suite" duration-ms="16" started-at="2019-02-19T06:06:22Z" finished-at="2019-02-19T06:06:22Z">
    <groups>
    </groups>
    <test name="Default test" duration-ms="16" started-at="2019-02-19T06:06:22Z" finished-at="2019-02-19T06:06:22Z">
      <class name="com.portal.automation.pages.test.TestNGTests.BrokenImageTest">
        <test-method status="FAIL" signature="login(java.lang.String, com.portal.automation.appmodules.Browser, java.lang.String)[pri:0, instance:com.portal.automation.pages.test.TestNGTests.BrokenImageTest@19f99ea]" name="login" is-config="true" duration-ms="0" started-at="2019-02-19T06:06:22Z" finished-at="2019-02-19T06:06:22Z">
          <exception class="org.testng.TestNGException">
            <message>
              <![CDATA[
Parameter 'loginProp' is required by BeforeSuite on method login but has not been marked @Optional or defined
in C:\Users\IBM_ADMIN\AppData\Local\Temp\testng-eclipse-2059694837\testng-customsuite.xml]]>
            </message>
            <full-stacktrace>
              <![CDATA[org.testng.TestNGException: 
Parameter 'loginProp' is required by BeforeSuite on method login but has not been marked @Optional or defined
in C:\Users\IBM_ADMIN\AppData\Local\Temp\testng-eclipse-2059694837\testng-customsuite.xml
at org.testng.internal.Parameters.createParams(Parameters.java:290)
at org.testng.internal.Parameters.createParametersForMethod(Parameters.java:359)
at org.testng.internal.Parameters.createParameters(Parameters.java:620)
at org.testng.internal.Parameters.createConfigurationParameters(Parameters.java:190)
at org.testng.internal.Invoker.invokeConfigurations(Invoker.java:209)
at org.testng.internal.Invoker.invokeConfigurations(Invoker.java:142)
at org.testng.SuiteRunner.privateRun(SuiteRunner.java:401)
at org.testng.SuiteRunner.run(SuiteRunner.java:364)
at org.testng.SuiteRunnerWorker.runSuite(SuiteRunnerWorker.java:52)
at org.testng.SuiteRunnerWorker.run(SuiteRunnerWorker.java:84)
at org.testng.TestNG.runSuitesSequentially(TestNG.java:1208)
at org.testng.TestNG.runSuitesLocally(TestNG.java:1137)
at org.testng.TestNG.runSuites(TestNG.java:1049)
at org.testng.TestNG.run(TestNG.java:1017)
at org.testng.remote.AbstractRemoteTestNG.run(AbstractRemoteTestNG.java:114)
at org.testng.remote.RemoteTestNG.initAndRun(RemoteTestNG.java:251)
at org.testng.remote.RemoteTestNG.main(RemoteTestNG.java:77)
]]>
            </full-stacktrace>
          </exception> <!-- org.testng.TestNGException -->
          <reporter-output>
          </reporter-output>
        </test-method> <!-- login -->
      </class> <!-- com.portal.automation.pages.test.TestNGTests.BrokenImageTest -->
    </test> <!-- Default test -->
  </suite> <!-- Default suite -->
</testng-results>
